2021-09-06 13:10:29.668  INFO 10348 --- [main] c.v.M.MovieBookingSystemApplication      : Starting MovieBookingSystemApplication using Java 16 on DESKTOP-14UJENR with PID 10348 (D:\my_learning\MovieBookingSystem\target\classes started by Admin in D:\my_learning\MovieBookingSystem)
2021-09-06 13:10:29.702  INFO 10348 --- [main] c.v.M.MovieBookingSystemApplication      : No active profile set, falling back to default profiles: default
2021-09-06 13:10:31.932  INFO 10348 --- [main] .s.d.r.c.RepositoryConfigurationDelegate : Bootstrapping Spring Data JPA repositories in DEFAULT mode.
2021-09-06 13:10:32.182  INFO 10348 --- [main] .s.d.r.c.RepositoryConfigurationDelegate : Finished Spring Data repository scanning in 238 ms. Found 9 JPA repository interfaces.
2021-09-06 13:10:33.478  INFO 10348 --- [main] o.s.b.w.embedded.tomcat.TomcatWebServer  : Tomcat initialized with port(s): 8081 (http)
2021-09-06 13:10:33.494  INFO 10348 --- [main] o.apache.catalina.core.StandardService   : Starting service [Tomcat]
2021-09-06 13:10:33.494  INFO 10348 --- [main] org.apache.catalina.core.StandardEngine  : Starting Servlet engine: [Apache Tomcat/9.0.48]
2021-09-06 13:10:33.822  INFO 10348 --- [main] o.a.c.c.C.[.[localhost].[/mbs1/v1]       : Initializing Spring embedded WebApplicationContext
2021-09-06 13:10:33.822  INFO 10348 --- [main] w.s.c.ServletWebServerApplicationContext : Root WebApplicationContext: initialization completed in 3932 ms
2021-09-06 13:10:33.900  INFO 10348 --- [main] com.zaxxer.hikari.HikariDataSource       : HikariPool-1 - Starting...
2021-09-06 13:10:34.307  INFO 10348 --- [main] com.zaxxer.hikari.HikariDataSource       : HikariPool-1 - Start completed.
2021-09-06 13:10:34.322  INFO 10348 --- [main] o.s.b.a.h2.H2ConsoleAutoConfiguration    : H2 console available at '/h2-console'. Database available at 'jdbc:h2:mem:mbsdb'
2021-09-06 13:10:34.692  INFO 10348 --- [main] o.hibernate.jpa.internal.util.LogHelper  : HHH000204: Processing PersistenceUnitInfo [name: default]
2021-09-06 13:10:34.864  INFO 10348 --- [main] org.hibernate.Version                    : HHH000412: Hibernate ORM core version 5.4.32.Final
2021-09-06 13:10:35.286  INFO 10348 --- [main] o.hibernate.annotations.common.Version   : HCANN000001: Hibernate Commons Annotations {5.1.2.Final}
2021-09-06 13:10:35.598  INFO 10348 --- [main] org.hibernate.dialect.Dialect            : HHH000400: Using dialect: org.hibernate.dialect.H2Dialect
2021-09-06 13:10:37.333  INFO 10348 --- [main] o.h.e.t.j.p.i.JtaPlatformInitiator       : HHH000490: Using JtaPlatform implementation: [org.hibernate.engine.transaction.jta.platform.internal.NoJtaPlatform]
2021-09-06 13:10:37.333  INFO 10348 --- [main] j.LocalContainerEntityManagerFactoryBean : Initialized JPA EntityManagerFactory for persistence unit 'default'
2021-09-06 13:10:38.692  WARN 10348 --- [main] JpaBaseConfiguration$JpaWebConfiguration : spring.jpa.open-in-view is enabled by default. Therefore, database queries may be performed during view rendering. Explicitly configure spring.jpa.open-in-view to disable this warning
2021-09-06 13:10:39.598  INFO 10348 --- [main] o.s.b.w.embedded.tomcat.TomcatWebServer  : Tomcat started on port(s): 8081 (http) with context path '/mbs1/v1'
2021-09-06 13:10:39.614  INFO 10348 --- [main] c.v.M.MovieBookingSystemApplication      : Started MovieBookingSystemApplication in 11.197 seconds (JVM running for 12.947)
2021-09-06 13:10:40.317  INFO 10348 --- [main] c.v.M.MovieBookingSystemApplication      : writing for info
2021-09-06 13:10:40.317  WARN 10348 --- [main] c.v.M.MovieBookingSystemApplication      : writing for warning
2021-09-06 13:10:40.317 ERROR 10348 --- [main] c.v.M.MovieBookingSystemApplication      : writing for warning
